C51 COMPILER V9.01   CAR                                                                   09/02/2021 23:14:44 PAGE 1   


C51 COMPILER V9.01, COMPILATION OF MODULE CAR
OBJECT MODULE PLACED IN car.OBJ
COMPILER INVOKED BY: D:\³ÌÐò\51\C51\BIN\C51.EXE car.c BROWSE DEBUG OBJECTEXTEND

line level    source

   1          #include <reg52.h>
   2          #include <intrins.h>
   3          
   4          
   5          
   6          sbit p34=P3^4;
   7          sbit p35=P3^5;
   8          sbit p20=P2^0;
   9          
  10          //void moto_go();
  11          //void moto_back();
  12          //void moto_stp();
  13          void delay(unsigned int xms);
  14          
  15          void run(){
  16   1              p34=0;
  17   1              p35=0;
  18   1      }
  19          
  20          void back(){
  21   1              p34=1;
  22   1              p35=1;
  23   1      
  24   1      }
  25          
  26          
  27          void stop(){
  28   1              p35=0;
  29   1              p34=1;
  30   1      
  31   1      
  32   1      }
  33          
  34          void delay(unsigned int xms){
  35   1              unsigned int x,y;
  36   1              for(x=xms;x>0;x--){
  37   2                      for(y=110;y>0;y--);             
  38   2              }
  39   1      }
  40          
  41          void pwmR(void){
  42   1              p35=0;
  43   1              p34=0;
  44   1              delay(100);
  45   1              p34=1;
  46   1              delay(100);
  47   1      }
  48          void pwmB(void){
  49   1              p35=1;
  50   1              p34=1;
  51   1              delay(100);
  52   1              p35=0;
  53   1              delay(100);
  54   1      }
  55          
C51 COMPILER V9.01   CAR                                                                   09/02/2021 23:14:44 PAGE 2   

  56          unsigned int time=0;
  57          unsigned int blackline=0;
  58          
  59          void Timer0Init()
  60          {
  61   1              TMOD|=0x01;
  62   1              TH0=0xFC;
  63   1              TL0=0x18;
  64   1              TF0=0;
  65   1              TR0=1;
  66   1              ET0=1;
  67   1              EA=1;
  68   1              TR0=0;          
  69   1      
  70   1      }
  71          
  72          
  73          void   Init_INT0(){
  74   1              EX0=1;
  75   1              IT0=1;
  76   1              PX0=0;
  77   1              EA=1;
  78   1      
  79   1      }
  80          
  81          void int0(void) interrupt 0{
  82   1      
  83   1              blackline++;
  84   1              p20=0;
  85   1              delay(2000);
  86   1              p20=1;
  87   1      
  88   1      }
  89          
  90          void main(){
  91   1              Timer0Init();
  92   1              Init_INT0();
  93   1              run();
  94   1              while(1){
  95   2                      while(blackline==3)
  96   2                              pwmR();
  97   2                      while(blackline==4)
  98   2                              run();
  99   2                      //while(blackline==5)
 100   2                      //      pwm();   
 101   2                      if(blackline==6){
 102   3                              stop();
 103   3                              delay(5000);
 104   3                              back();
 105   3                              blackline++;
 106   3                      
 107   3                      }
 108   2                      while(blackline==10)
 109   2                              pwmB();
 110   2                      while(blackline==11)
 111   2                              back();
 112   2                      //while(blackline==12)
 113   2                      //      pwm();
 114   2                      if(blackline==13)
 115   2                              stop();
 116   2              
 117   2              }
C51 COMPILER V9.01   CAR                                                                   09/02/2021 23:14:44 PAGE 3   

 118   1      }
 119          
 120          
 121          
 122          


MODULE INFORMATION:   STATIC OVERLAYABLE
   CODE SIZE        =    264    ----
   CONSTANT SIZE    =   ----    ----
   XDATA SIZE       =   ----    ----
   PDATA SIZE       =   ----    ----
   DATA SIZE        =      4    ----
   IDATA SIZE       =   ----    ----
   BIT SIZE         =   ----    ----
END OF MODULE INFORMATION.


C51 COMPILATION COMPLETE.  0 WARNING(S),  0 ERROR(S)
